<?xml version="1.0" encoding="UTF-8"?>
<testng-results ignored="0" total="2" passed="2" failed="0" skipped="0">
  <reporter-output>
  </reporter-output>
  <suite started-at="2022-03-23T10:12:41Z" name="Default suite" finished-at="2022-03-23T10:12:49Z" duration-ms="8281">
    <groups>
    </groups>
    <test started-at="2022-03-23T10:12:41Z" name="Default test" finished-at="2022-03-23T10:12:49Z" duration-ms="8281">
      <class name="saurabh_Automation.saurabh_Automation.checkbox">
        <test-method signature="setup()[pri:1, instance:saurabh_Automation.saurabh_Automation.checkbox@f107c50]" started-at="2022-03-23T10:12:41Z" name="setup" finished-at="2022-03-23T10:12:49Z" duration-ms="7998" status="PASS">
          <reporter-output>
          </reporter-output>
        </test-method> <!-- setup -->
        <test-method signature="chec1()[pri:2, instance:saurabh_Automation.saurabh_Automation.checkbox@f107c50]" started-at="2022-03-23T10:12:49Z" name="chec1" finished-at="2022-03-23T10:12:49Z" duration-ms="249" status="PASS">
          <reporter-output>
          </reporter-output>
        </test-method> <!-- chec1 -->
      </class> <!-- saurabh_Automation.saurabh_Automation.checkbox -->
    </test> <!-- Default test -->
  </suite> <!-- Default suite -->
</testng-results>
